<?xml version="1.0" encoding="UTF-8"?>
<!-- Generated by org.testng.reporters.JUnitXMLReporter -->
<testsuite ignored="0" hostname="Hunter" failures="1" tests="2" name="Default test" time="0.364" errors="0" timestamp="2026-01-14T18:22:56 IST">
  <testcase classname="seleniumTests.StandaloneCase" name="submitOrder" time="0.0">
    <failure type="java.lang.RuntimeException" message="tools.jackson.core.exc.StreamReadException: Unexpected character (&amp;apos;Z&amp;apos; (code 90)): was expecting a colon to separate property name and value
 at [Source: REDACTED (`StreamReadFeature.INCLUDE_SOURCE_IN_LOCATION` disabled); byte offset: #UNKNOWN] (through reference chain: java.util.ArrayList[0])">
      <![CDATA[java.lang.RuntimeException: tools.jackson.core.exc.StreamReadException: Unexpected character ('Z' (code 90)): was expecting a colon to separate property name and value
 at [Source: REDACTED (`StreamReadFeature.INCLUDE_SOURCE_IN_LOCATION` disabled); byte offset: #UNKNOWN] (through reference chain: java.util.ArrayList[0])
at org.testng.internal.invokers.MethodInvocationHelper.invokeMethodNoCheckedException(MethodInvocationHelper.java:58)
at org.testng.internal.invokers.MethodInvocationHelper.invokeDataProvider(MethodInvocationHelper.java:159)
at org.testng.internal.Parameters.handleParameters(Parameters.java:809)
at org.testng.internal.Parameters.handleParameters(Parameters.java:734)
at org.testng.internal.invokers.ParameterHandler.handleParameters(ParameterHandler.java:72)
at org.testng.internal.invokers.ParameterHandler.createParameters(ParameterHandler.java:51)
at org.testng.internal.invokers.TestInvoker$MethodInvocationAgent.invoke(TestInvoker.java:946)
at org.testng.internal.invokers.TestInvoker.invokeTestMethods(TestInvoker.java:203)
at org.testng.internal.invokers.TestMethodWorker.invokeTestMethods(TestMethodWorker.java:154)
at org.testng.internal.invokers.TestMethodWorker.run(TestMethodWorker.java:134)
at java.base/java.util.ArrayList.forEach(ArrayList.java:1596)
at org.testng.TestRunner.privateRun(TestRunner.java:739)
at org.testng.TestRunner.run(TestRunner.java:614)
at org.testng.SuiteRunner.runTest(SuiteRunner.java:421)
at org.testng.SuiteRunner.runSequentially(SuiteRunner.java:413)
at org.testng.SuiteRunner.privateRun(SuiteRunner.java:373)
at org.testng.SuiteRunner.run(SuiteRunner.java:312)
at org.testng.SuiteRunnerWorker.runSuite(SuiteRunnerWorker.java:52)
at org.testng.SuiteRunnerWorker.run(SuiteRunnerWorker.java:95)
at org.testng.TestNG.runSuitesSequentially(TestNG.java:1274)
at org.testng.TestNG.runSuitesLocally(TestNG.java:1208)
at org.testng.TestNG.runSuites(TestNG.java:1112)
at org.testng.TestNG.run(TestNG.java:1079)
at org.testng.remote.AbstractRemoteTestNG.run(AbstractRemoteTestNG.java:115)
at org.testng.remote.RemoteTestNG.initAndRun(RemoteTestNG.java:293)
at org.testng.remote.RemoteTestNG.main(RemoteTestNG.java:91)
Caused by: tools.jackson.core.exc.StreamReadException: Unexpected character ('Z' (code 90)): was expecting a colon to separate property name and value
 at [Source: REDACTED (`StreamReadFeature.INCLUDE_SOURCE_IN_LOCATION` disabled); byte offset: #UNKNOWN] (through reference chain: java.util.ArrayList[0])
at tools.jackson.core.JsonParser._constructReadException(JsonParser.java:1800)
at tools.jackson.core.base.ParserMinimalBase._reportUnexpectedChar(ParserMinimalBase.java:1049)
at tools.jackson.core.json.ReaderBasedJsonParser._skipColon2(ReaderBasedJsonParser.java:2362)
at tools.jackson.core.json.ReaderBasedJsonParser._skipColon(ReaderBasedJsonParser.java:2341)
at tools.jackson.core.json.ReaderBasedJsonParser.nextName(ReaderBasedJsonParser.java:952)
at tools.jackson.databind.deser.jdk.MapDeserializer._readAndBindStringKeyMap(MapDeserializer.java:586)
at tools.jackson.databind.deser.jdk.MapDeserializer.deserialize(MapDeserializer.java:428)
at tools.jackson.databind.deser.jdk.MapDeserializer.deserialize(MapDeserializer.java:30)
at tools.jackson.databind.deser.jdk.CollectionDeserializer._deserializeNoNullChecks(CollectionDeserializer.java:493)
at tools.jackson.databind.deser.jdk.CollectionDeserializer._deserializeFromArray(CollectionDeserializer.java:348)
at tools.jackson.databind.deser.jdk.CollectionDeserializer.deserialize(CollectionDeserializer.java:238)
at tools.jackson.databind.deser.jdk.CollectionDeserializer.deserialize(CollectionDeserializer.java:29)
at tools.jackson.databind.deser.DeserializationContextExt.readRootValue(DeserializationContextExt.java:265)
at tools.jackson.databind.ObjectMapper._readMapAndClose(ObjectMapper.java:2610)
at tools.jackson.databind.ObjectMapper.readValue(ObjectMapper.java:1543)
at testComponents.BaseTest.getJsonDataToMap(BaseTest.java:63)
at seleniumTests.StandaloneCase.getData(StandaloneCase.java:84)
at java.base/jdk.internal.reflect.DirectMethodHandleAccessor.invoke(DirectMethodHandleAccessor.java:103)
at java.base/java.lang.reflect.Method.invoke(Method.java:580)
at org.testng.internal.invokers.MethodInvocationHelper.invokeMethod(MethodInvocationHelper.java:141)
at org.testng.internal.invokers.MethodInvocationHelper.invokeMethod(MethodInvocationHelper.java:86)
at org.testng.internal.invokers.MethodInvocationHelper.invokeMethodNoCheckedException(MethodInvocationHelper.java:54)
... 25 more
]]>
    </failure>
  </testcase> <!-- submitOrder -->
  <testcase classname="seleniumTests.StandaloneCase" name="OrderHistoryTest" time="0.001">
    <skipped/>
  </testcase> <!-- OrderHistoryTest -->
</testsuite> <!-- Default test -->
