<?xml version="1.0" encoding="UTF-8"?>
<!-- Generated by org.testng.reporters.JUnitXMLReporter -->
<testsuite ignored="0" hostname="Hunter" failures="0" tests="3" name="Default test" time="29.429" errors="0" timestamp="2026-01-20T19:30:29 IST">
  <testcase classname="seleniumTests.StandaloneCase" name="submitOrder" time="11.216"/>
  <testcase classname="seleniumTests.StandaloneCase" name="submitOrder" time="10.498"/>
  <testcase classname="seleniumTests.StandaloneCase" name="OrderHistoryTest" time="1.06"/>
</testsuite> <!-- Default test -->
