<?xml version="1.0" encoding="UTF-8"?>
<!-- Generated by org.testng.reporters.JUnitXMLReporter -->
<testsuite ignored="2" hostname="Hunter" failures="0" tests="0" time="0.014" errors="0" timestamp="2026-01-14T18:24:17 IST">
  <testcase classname="seleniumTests.ErrorValidations" name="ProductErrorValidation" time="0.0">
    <ignored/>
  </testcase> <!-- ProductErrorValidation -->
  <testcase classname="seleniumTests.ErrorValidations" name="LoginErrorValidation" time="0.0">
    <ignored/>
  </testcase> <!-- LoginErrorValidation -->
</testsuite>
