<?xml version="1.0" encoding="UTF-8"?>
<!-- Generated by org.testng.reporters.JUnitXMLReporter -->
<testsuite ignored="1" hostname="Hunter" failures="0" tests="1" name="Error Validations" time="4.136" errors="0" timestamp="2026-01-13T19:21:12 IST">
  <testcase classname="selenium.ErrorValidations" name="LoginErrorValidation" time="1.296"/>
  <testcase classname="selenium.ErrorValidations" name="ProductErrorValidation" time="0.0">
    <ignored/>
  </testcase> <!-- ProductErrorValidation -->
</testsuite> <!-- Error Validations -->
