<?xml version="1.0" encoding="UTF-8"?>
<!-- Generated by org.testng.reporters.JUnitXMLReporter -->
<testsuite ignored="2" hostname="Hunter" failures="0" tests="0" time="0.013" errors="0" timestamp="2026-01-13T19:21:45 IST">
  <testcase classname="selenium.StandaloneCase" name="submitOrder" time="0.0">
    <ignored/>
  </testcase> <!-- submitOrder -->
  <testcase classname="selenium.StandaloneCase" name="OrderHistoryTest" time="0.0">
    <ignored/>
  </testcase> <!-- OrderHistoryTest -->
</testsuite>
