<?xml version="1.0" encoding="UTF-8"?>
<!-- Generated by org.testng.reporters.JUnitXMLReporter -->
<testsuite ignored="0" hostname="Hunter" failures="0" tests="3" name="Standalone" time="27.895" errors="0" timestamp="2026-01-20T22:55:25 IST">
  <testcase classname="seleniumTests.StandaloneCase" name="submitOrder" time="10.848"/>
  <testcase classname="seleniumTests.StandaloneCase" name="submitOrder" time="10.51"/>
  <testcase classname="seleniumTests.StandaloneCase" name="OrderHistoryTest" time="1.067"/>
</testsuite> <!-- Standalone -->
