<?xml version="1.0" encoding="UTF-8"?>
<!-- Generated by org.testng.reporters.JUnitReportReporter -->
<testsuite hostname="Hunter" failures="0" tests="3" name="seleniumTests.StandaloneCase" time="27.662" errors="0" timestamp="2026-01-20T22:55:25 IST" skipped="0">
  <testcase classname="seleniumTests.StandaloneCase" name="submitOrder" time="12.982"/>
  <testcase classname="seleniumTests.StandaloneCase" name="OrderHistoryTest" time="2.674"/>
  <testcase classname="seleniumTests.StandaloneCase" name="submitOrder" time="12.006"/>
</testsuite> <!-- seleniumTests.StandaloneCase -->
